<?xml version="1.0" encoding="UTF-8"?>
<testsuite name="labs.lab2.CollectionsTest" tests="7" skipped="0" failures="0" errors="0" timestamp="2024-09-26T12:13:47" hostname="DESKTOP-36BBRTO" time="0.046">
  <properties/>
  <testcase name="testFilterGroupsByDepartment" classname="labs.lab2.CollectionsTest" time="0.007"/>
  <testcase name="testFilterStudentsByLastName" classname="labs.lab2.CollectionsTest" time="0.015"/>
  <testcase name="testFindGroupByGroupNumber" classname="labs.lab2.CollectionsTest" time="0.001"/>
  <testcase name="testFindStudentByRecordBookNumber" classname="labs.lab2.CollectionsTest" time="0.002"/>
  <testcase name="testSortGroupsByYearCreated" classname="labs.lab2.CollectionsTest" time="0.004"/>
  <testcase name="testSortStudentsByBirthDate" classname="labs.lab2.CollectionsTest" time="0.002"/>
  <testcase name="testSortStudentsByLastName" classname="labs.lab2.CollectionsTest" time="0.001"/>
  <system-out><![CDATA[]]></system-out>
  <system-err><![CDATA[]]></system-err>
</testsuite>
