<?xml version="1.0" encoding="UTF-8"?>
<testsuite name="labs.lab2.CollectionsTest" tests="9" skipped="0" failures="0" errors="0" timestamp="2024-10-10T14:05:00" hostname="DESKTOP-36BBRTO" time="0.112">
  <properties/>
  <testcase name="testAddAndRemoveItems" classname="labs.lab2.CollectionsTest" time="0.01"/>
  <testcase name="testCountItems" classname="labs.lab2.CollectionsTest" time="0.002"/>
  <testcase name="testFilterGroupsByDepartment" classname="labs.lab2.CollectionsTest" time="0.004"/>
  <testcase name="testFilterStudentsByLastName" classname="labs.lab2.CollectionsTest" time="0.003"/>
  <testcase name="testFindGroupByGroupNumber" classname="labs.lab2.CollectionsTest" time="0.003"/>
  <testcase name="testFindStudentByRecordBookNumber" classname="labs.lab2.CollectionsTest" time="0.003"/>
  <testcase name="testSortGroupsByYearCreated" classname="labs.lab2.CollectionsTest" time="0.004"/>
  <testcase name="testSortItems" classname="labs.lab2.CollectionsTest" time="0.017"/>
  <testcase name="testSortStudentsByLastName" classname="labs.lab2.CollectionsTest" time="0.002"/>
  <system-out><![CDATA[]]></system-out>
  <system-err><![CDATA[]]></system-err>
</testsuite>
