<?xml version="1.0" encoding="UTF-8"?>
<testsuite name="labs.lab4.builders.BuilderTest" tests="8" skipped="0" failures="0" errors="0" timestamp="2024-10-15T16:29:59" hostname="DESKTOP-36BBRTO" time="0.083">
  <properties/>
  <testcase name="testGroupBuilder" classname="labs.lab4.builders.BuilderTest" time="0.027"/>
  <testcase name="testInvalidGroupBuilder" classname="labs.lab4.builders.BuilderTest" time="0.002"/>
  <testcase name="testInvalidPerformanceRecordBuilder" classname="labs.lab4.builders.BuilderTest" time="0.005"/>
  <testcase name="testInvalidStudentBuilder" classname="labs.lab4.builders.BuilderTest" time="0.002"/>
  <testcase name="testInvalidTeacherBuilder" classname="labs.lab4.builders.BuilderTest" time="0.002"/>
  <testcase name="testPerformanceRecordBuilder" classname="labs.lab4.builders.BuilderTest" time="0.004"/>
  <testcase name="testStudentBuilder" classname="labs.lab4.builders.BuilderTest" time="0.001"/>
  <testcase name="testTeacherBuilder" classname="labs.lab4.builders.BuilderTest" time="0.001"/>
  <system-out><![CDATA[]]></system-out>
  <system-err><![CDATA[]]></system-err>
</testsuite>
